<?xml version="1.0" encoding="UTF-8"?>
<testng-results skipped="0" failed="0" total="1" passed="1">
  <reporter-output>
  </reporter-output>
  <suite name="Default suite" duration-ms="62482" started-at="2016-02-26T22:01:56Z" finished-at="2016-02-26T22:02:58Z">
    <groups>
    </groups>
    <test name="Default test" duration-ms="62482" started-at="2016-02-26T22:01:56Z" finished-at="2016-02-26T22:02:58Z">
      <class name="pandoraTest.PandoraTest">
        <test-method status="PASS" signature="setup()[pri:0, instance:pandoraTest.PandoraTest@6442b0a6]" name="setup" is-config="true" duration-ms="28355" started-at="2016-02-26T16:01:56Z" finished-at="2016-02-26T16:02:24Z">
          <reporter-output>
          </reporter-output>
        </test-method> <!-- setup -->
        <test-method status="PASS" signature="RegisterTest()[pri:0, instance:pandoraTest.PandoraTest@6442b0a6]" name="RegisterTest" duration-ms="34078" started-at="2016-02-26T16:02:24Z" finished-at="2016-02-26T16:02:58Z">
          <reporter-output>
          </reporter-output>
        </test-method> <!-- RegisterTest -->
        <test-method status="PASS" signature="tearDown()[pri:0, instance:pandoraTest.PandoraTest@6442b0a6]" name="tearDown" is-config="true" duration-ms="14" started-at="2016-02-26T16:02:58Z" finished-at="2016-02-26T16:02:58Z">
          <reporter-output>
          </reporter-output>
        </test-method> <!-- tearDown -->
      </class> <!-- pandoraTest.PandoraTest -->
    </test> <!-- Default test -->
  </suite> <!-- Default suite -->
</testng-results>
